<?xml version="1.0" encoding="UTF-8"?>
<testsuite xmlns:xsi="http://www.w3.org/2001/XMLSchema-instance" xsi:noNamespaceSchemaLocation="https://maven.apache.org/surefire/maven-surefire-plugin/xsd/surefire-test-report-3.0.xsd" version="3.0" name="org.example.AppTest" time="0.062" tests="1" errors="0" skipped="0" failures="0">
  <properties>
    <property name="java.specification.version" value="23"/>
    <property name="sun.cpu.isalist" value="amd64"/>
    <property name="sun.jnu.encoding" value="Cp1251"/>
    <property name="java.class.path" value="C:\Users\Вячеслав\IdeaProjects\Factory\target\test-classes;C:\Users\Вячеслав\IdeaProjects\Factory\target\classes;C:\Users\Вячеслав\.m2\repository\junit\junit\3.8.1\junit-3.8.1.jar;C:\Users\Вячеслав\.m2\repository\com\itextpdf\layout\8.0.3\layout-8.0.3.jar;C:\Users\Вячеслав\.m2\repository\org\slf4j\slf4j-api\1.7.36\slf4j-api-1.7.36.jar;C:\Users\Вячеслав\.m2\repository\com\itextpdf\kernel\8.0.3\kernel-8.0.3.jar;C:\Users\Вячеслав\.m2\repository\com\itextpdf\bouncy-castle-connector\8.0.3\bouncy-castle-connector-8.0.3.jar;C:\Users\Вячеслав\.m2\repository\com\itextpdf\io\8.0.3\io-8.0.3.jar;C:\Users\Вячеслав\.m2\repository\com\itextpdf\commons\8.0.3\commons-8.0.3.jar;C:\Users\Вячеслав\.m2\repository\com\itextpdf\forms\8.0.3\forms-8.0.3.jar;C:\Users\Вячеслав\.m2\repository\com\itextpdf\pdfa\8.0.3\pdfa-8.0.3.jar;C:\Users\Вячеслав\.m2\repository\org\slf4j\slf4j-simple\2.0.9\slf4j-simple-2.0.9.jar;"/>
    <property name="java.vm.vendor" value="Oracle Corporation"/>
    <property name="sun.arch.data.model" value="64"/>
    <property name="user.variant" value=""/>
    <property name="java.vendor.url" value="https://java.oracle.com/"/>
    <property name="user.timezone" value="Europe/Moscow"/>
    <property name="os.name" value="Windows 10"/>
    <property name="java.vm.specification.version" value="23"/>
    <property name="sun.java.launcher" value="SUN_STANDARD"/>
    <property name="user.country" value="RU"/>
    <property name="sun.boot.library.path" value="C:\Program Files\Java\jdk-23\bin"/>
    <property name="sun.java.command" value="C:\Users\Вячеслав\AppData\Local\Temp\surefire10336145095533255057\surefirebooter-20250103231107734_3.jar C:\Users\Вячеслав\AppData\Local\Temp\surefire10336145095533255057 2025-01-03T23-11-03_582-jvmRun1 surefire-20250103231107734_1tmp surefire_0-20250103231107734_2tmp"/>
    <property name="jdk.debug" value="release"/>
    <property name="surefire.test.class.path" value="C:\Users\Вячеслав\IdeaProjects\Factory\target\test-classes;C:\Users\Вячеслав\IdeaProjects\Factory\target\classes;C:\Users\Вячеслав\.m2\repository\junit\junit\3.8.1\junit-3.8.1.jar;C:\Users\Вячеслав\.m2\repository\com\itextpdf\layout\8.0.3\layout-8.0.3.jar;C:\Users\Вячеслав\.m2\repository\org\slf4j\slf4j-api\1.7.36\slf4j-api-1.7.36.jar;C:\Users\Вячеслав\.m2\repository\com\itextpdf\kernel\8.0.3\kernel-8.0.3.jar;C:\Users\Вячеслав\.m2\repository\com\itextpdf\bouncy-castle-connector\8.0.3\bouncy-castle-connector-8.0.3.jar;C:\Users\Вячеслав\.m2\repository\com\itextpdf\io\8.0.3\io-8.0.3.jar;C:\Users\Вячеслав\.m2\repository\com\itextpdf\commons\8.0.3\commons-8.0.3.jar;C:\Users\Вячеслав\.m2\repository\com\itextpdf\forms\8.0.3\forms-8.0.3.jar;C:\Users\Вячеслав\.m2\repository\com\itextpdf\pdfa\8.0.3\pdfa-8.0.3.jar;C:\Users\Вячеслав\.m2\repository\org\slf4j\slf4j-simple\2.0.9\slf4j-simple-2.0.9.jar;"/>
    <property name="sun.cpu.endian" value="little"/>
    <property name="user.home" value="C:\Users\Вячеслав"/>
    <property name="user.language" value="ru"/>
    <property name="java.specification.vendor" value="Oracle Corporation"/>
    <property name="java.version.date" value="2024-10-15"/>
    <property name="java.home" value="C:\Program Files\Java\jdk-23"/>
    <property name="file.separator" value="\"/>
    <property name="basedir" value="C:\Users\Вячеслав\IdeaProjects\Factory"/>
    <property name="java.vm.compressedOopsMode" value="32-bit"/>
    <property name="line.separator" value="&#10;"/>
    <property name="java.vm.specification.vendor" value="Oracle Corporation"/>
    <property name="java.specification.name" value="Java Platform API Specification"/>
    <property name="surefire.real.class.path" value="C:\Users\Вячеслав\AppData\Local\Temp\surefire10336145095533255057\surefirebooter-20250103231107734_3.jar"/>
    <property name="user.script" value=""/>
    <property name="sun.management.compiler" value="HotSpot 64-Bit Tiered Compilers"/>
    <property name="java.runtime.version" value="23.0.1+11-39"/>
    <property name="user.name" value="Вячеслав"/>
    <property name="stdout.encoding" value="Cp1251"/>
    <property name="path.separator" value=";"/>
    <property name="os.version" value="10.0"/>
    <property name="java.runtime.name" value="Java(TM) SE Runtime Environment"/>
    <property name="file.encoding" value="UTF-8"/>
    <property name="java.vm.name" value="Java HotSpot(TM) 64-Bit Server VM"/>
    <property name="localRepository" value="C:\Users\Вячеслав\.m2\repository"/>
    <property name="java.vendor.url.bug" value="https://bugreport.java.com/bugreport/"/>
    <property name="java.io.tmpdir" value="C:\Users\2C82~1\AppData\Local\Temp\"/>
    <property name="idea.version" value="2024.2.1"/>
    <property name="java.version" value="23.0.1"/>
    <property name="user.dir" value="C:\Users\Вячеслав\IdeaProjects\Factory"/>
    <property name="os.arch" value="amd64"/>
    <property name="java.vm.specification.name" value="Java Virtual Machine Specification"/>
    <property name="sun.os.patch.level" value=""/>
    <property name="native.encoding" value="Cp1251"/>
    <property name="java.library.path" value="C:\Program Files\Java\jdk-23\bin;C:\Windows\Sun\Java\bin;C:\Windows\system32;C:\Windows;C:\Program Files\MySQL\MySQL Server 9.0\bin;C:\Program Files\Common Files\Oracle\Java\javapath;C:\Program Files (x86)\VMware\VMware Workstation\bin\;C:\Windows\system32;C:\Windows;C:\Windows\System32\Wbem;C:\Windows\System32\WindowsPowerShell\v1.0\;C:\Windows\System32\OpenSSH\;C:\Program Files\Microsoft SQL Server\150\Tools\Binn\;C:\Program Files (x86)\Windows Kits\10\Windows Performance Toolkit\;C:\Program Files\PuTTY\;C:\Program Files\Docker\Docker\resources\bin;C:\Program Files (x86)\Microsoft SQL Server\160\Tools\Binn\;C:\Program Files\Microsoft SQL Server\160\Tools\Binn\;C:\Program Files\Microsoft SQL Server\Client SDK\ODBC\170\Tools\Binn\;C:\Program Files\Microsoft SQL Server\160\DTS\Binn\;C:\Program Files\dotnet\;С:\Windows\System32;;C:\Program Files\Ampps\php;C:\Users\Вячеслав\AppData\Local\Programs\Python\Python313\Scripts\;C:\Users\Вячеслав\AppData\Local\Programs\Python\Python313\;C:\Users\Вячеслав\AppData\Local\Microsoft\WindowsApps;C:\Users\Вячеслав\.dotnet\tools;C:\Program Files\MySQL\MySQL Server 9.0\bin\;C:\Users\Вячеслав\AppData\Local\Programs\Microsoft VS Code\bin;."/>
    <property name="java.vm.info" value="mixed mode, sharing"/>
    <property name="stderr.encoding" value="Cp1251"/>
    <property name="java.vendor" value="Oracle Corporation"/>
    <property name="java.vm.version" value="23.0.1+11-39"/>
    <property name="sun.io.unicode.encoding" value="UnicodeLittle"/>
    <property name="java.class.version" value="67.0"/>
  </properties>
  <testcase name="testApp" classname="org.example.AppTest" time="0.005"/>
</testsuite>